run_25: CompressionFactor: -nan RawCounter: 0 TreatedCounter: 0
run_50: CompressionFactor: -nan RawCounter: 0 TreatedCounter: 0
run_62: CompressionFactor: -nan RawCounter: 0 TreatedCounter: 0
run_70: CompressionFactor: -nan RawCounter: 0 TreatedCounter: 0
run_120: CompressionFactor: -nan RawCounter: 0 TreatedCounter: 0
run_25: CompressionFactor: inf RawCounter: 91858152 TreatedCounter: 58934209
run_25: CompressionFactor: inf RawCounter: 91858152 TreatedCounter: 58934315
run_25: CompressionFactor: -nan RawCounter: 0 TreatedCounter: 0
run_25: CompressionFactor: inf RawCounter: 91858152 TreatedCounter: 58934323
run_25: CompressionFactor: -nan RawCounter: 0 TreatedCounter: 0
run_50: CompressionFactor: inf RawCounter: 957040341 TreatedCounter: 644922481
run_62: CompressionFactor: inf RawCounter: 95306889 TreatedCounter: 67754823
run_70: CompressionFactor: inf RawCounter: 774880390 TreatedCounter: 515436152
run_120: CompressionFactor: inf RawCounter: 360094119 TreatedCounter: 252937364
run_25: CompressionFactor: inf RawCounter: 800000 TreatedCounter: 1963
run_50: CompressionFactor: inf RawCounter: 6200000 TreatedCounter: 20143
run_62: CompressionFactor: inf RawCounter: 600000 TreatedCounter: 1435
run_70: CompressionFactor: inf RawCounter: 5800000 TreatedCounter: 18614
run_120: CompressionFactor: inf RawCounter: 1800000 TreatedCounter: 5561
run_25: CompressionFactor: inf RawCounter: 800000 TreatedCounter: 1962
run_25: CompressionFactor: inf RawCounter: 800000 TreatedCounter: 1962
run_25: CompressionFactor: inf RawCounter: 200000 TreatedCounter: 0
run_25: CompressionFactor: inf RawCounter: 200000 TreatedCounter: 0
run_25: CompressionFactor: inf RawCounter: 200000 TreatedCounter: 0
run_25: CompressionFactor: inf RawCounter: 200000 TreatedCounter: 0
run_25: CompressionFactor: inf RawCounter: 800000 TreatedCounter: 1962
run_25: CompressionFactor: inf RawCounter: 200000 TreatedCounter: 0
run_25: CompressionFactor: inf RawCounter: 800000 TreatedCounter: 0
run_50: CompressionFactor: inf RawCounter: 6200000 TreatedCounter: 0
run_50: CompressionFactor: inf RawCounter: 6200000 TreatedCounter: 0
run_25: CompressionFactor: inf RawCounter: 800000 TreatedCounter: 0
run_25: CompressionFactor: inf RawCounter: 800000 TreatedCounter: 0
run_25: CompressionFactor: inf RawCounter: 800000 TreatedCounter: 0
run_25: CompressionFactor: -nan RawCounter: 0 TreatedCounter: 0
run_25: CompressionFactor: -nan RawCounter: 0 TreatedCounter: 0
run_25: CompressionFactor: -nan RawCounter: 0 TreatedCounter: 0
run_25: CompressionFactor: inf RawCounter: 800000 TreatedCounter: 1962
run_25: CompressionFactor: inf RawCounter: 800000 TreatedCounter: 0
run_25: CompressionFactor: inf RawCounter: 800000 TreatedCounter: 0
run_25: CompressionFactor: inf RawCounter: 800000 TreatedCounter: 0
run_25: CompressionFactor: -nan RawCounter: 0 TreatedCounter: 0
run_25: CompressionFactor: -nan RawCounter: 0 TreatedCounter: 0
run_25: CompressionFactor: -nan RawCounter: 0 TreatedCounter: 0
run_25: CompressionFactor: 1.39826 RawCounter: 800000 TreatedCounter: 0
run_25: CompressionFactor: 0.729894 RawCounter: 800000 TreatedCounter: 0
run_25: CompressionFactor: 0.0773312 RawCounter: 800000 TreatedCounter: 0
run_25: CompressionFactor: -nan RawCounter: 0 TreatedCounter: 0
run_25: CompressionFactor: 0.0773312 RawCounter: 800000 TreatedCounter: 0
run_25: CompressionFactor: inf RawCounter: 800000 TreatedCounter: 0
run_25: CompressionFactor: inf RawCounter: 800000 TreatedCounter: 0
run_25: CompressionFactor: inf RawCounter: 800000 TreatedCounter: 0
run_25: CompressionFactor: inf RawCounter: 800000 TreatedCounter: 0
run_25: CompressionFactor: inf RawCounter: 800000 TreatedCounter: 0
run_25: CompressionFactor: 71855.2 RawCounter: 800000 TreatedCounter: 0
run_25: CompressionFactor: 71855.2 RawCounter: 800000 TreatedCounter: 0
run_25: CompressionFactor: -nan RawCounter: 0 TreatedCounter: 0
run_25: CompressionFactor: 71855.2 RawCounter: 800000 TreatedCounter: 0
run_25: CompressionFactor: 71855.2 RawCounter: 91858152 TreatedCounter: 0
run_25: CompressionFactor: -nan RawCounter: 0 TreatedCounter: 0
run_25: CompressionFactor: 71855.2 RawCounter: 91858152 TreatedCounter: 0
run_25: CompressionFactor: 71855.2 RawCounter: 91858152 TreatedCounter: 0
run_25: CompressionFactor: 7.18552e+10 RawCounter: 800000 TreatedCounter: 0
run_25: CompressionFactor: -nan RawCounter: 0 TreatedCounter: 0
run_25: CompressionFactor: 0.000215135 RawCounter: 800000 TreatedCounter: 0
run_25: CompressionFactor: -nan RawCounter: 0 TreatedCounter: 0
run_25: CompressionFactor: 71855.2 RawCounter: 800000 TreatedCounter: 0
run_25: CompressionFactor: -nan RawCounter: 0 TreatedCounter: 0
run_25: CompressionFactor: -nan RawCounter: 0 TreatedCounter: 0
run_25: CompressionFactor: 85144.7 RawCounter: 800000 TreatedCounter: 1962
run_25: CompressionFactor: inf RawCounter: 800000 TreatedCounter: 0
run_25: CompressionFactor: inf RawCounter: 800000 TreatedCounter: 0
run_25: CompressionFactor: inf RawCounter: 800000 TreatedCounter: 0
run_25: CompressionFactor: inf RawCounter: 800000 TreatedCounter: 0
run_25: CompressionFactor: inf RawCounter: 800000 TreatedCounter: 0
run_25: CompressionFactor: inf RawCounter: 800000 TreatedCounter: 0
run_25: CompressionFactor: 81120.2 RawCounter: 800000 TreatedCounter: 0
run_25: CompressionFactor: 765656 RawCounter: 800000 TreatedCounter: 0
run_25: CompressionFactor: 101871 RawCounter: 800000 TreatedCounter: 0
run_25: CompressionFactor: 101871 RawCounter: 80000 TreatedCounter: 0
run_50: CompressionFactor: 137074 RawCounter: 620000 TreatedCounter: 0
run_50: CompressionFactor: -nan RawCounter: 0 TreatedCounter: 0
run_50: CompressionFactor: 137074 RawCounter: 620000 TreatedCounter: 0
run_50: CompressionFactor: 134313 RawCounter: 180000 TreatedCounter: 0
run_50: CompressionFactor: 130266 RawCounter: 80000 TreatedCounter: 0
run_50: CompressionFactor: 134072 RawCounter: 160000 TreatedCounter: 0
run_50: CompressionFactor: 134072 RawCounter: 160000 TreatedCounter: 0
run_50: CompressionFactor: 134072 RawCounter: 160000 TreatedCounter: 0
run_50: CompressionFactor: 134072 RawCounter: 160000 TreatedCounter: 0
run_50: CompressionFactor: 111750 RawCounter: 160000 TreatedCounter: 92195
run_50: CompressionFactor: 106762 RawCounter: 160000 TreatedCounter: 0
run_50: CompressionFactor: 116601 RawCounter: 160000 TreatedCounter: 0
run_50: CompressionFactor: 116601 RawCounter: 160000 TreatedCounter: 0
run_50: CompressionFactor: 116604 RawCounter: 160000 TreatedCounter: 0
run_50: CompressionFactor: inf RawCounter: 20000 TreatedCounter: 0
run_50: CompressionFactor: 116596 RawCounter: 160000 TreatedCounter: 0
run_50: CompressionFactor: 106762 RawCounter: 160000 TreatedCounter: 0
run_50: CompressionFactor: 106762 RawCounter: 160000 TreatedCounter: 0
run_50: CompressionFactor: 106762 RawCounter: 160000 TreatedCounter: 0
run_50: CompressionFactor: 122013 RawCounter: 160000 TreatedCounter: 0
run_50: CompressionFactor: 106762 RawCounter: 160000 TreatedCounter: 0
run_50: CompressionFactor: 122013 RawCounter: 160000 TreatedCounter: 0
run_50: CompressionFactor: inf RawCounter: 160000 TreatedCounter: 0
run_50: CompressionFactor: inf RawCounter: 160000 TreatedCounter: 0
run_50: CompressionFactor: inf RawCounter: 160000 TreatedCounter: 0
run_50: CompressionFactor: inf RawCounter: 160000 TreatedCounter: 0
run_50: CompressionFactor: inf RawCounter: 160000 TreatedCounter: 0
run_50: CompressionFactor: inf RawCounter: 160000 TreatedCounter: 0
run_50: CompressionFactor: inf RawCounter: 160000 TreatedCounter: 0
run_50: CompressionFactor: inf RawCounter: 160000 TreatedCounter: 0
run_50: CompressionFactor: inf RawCounter: 160000 TreatedCounter: 0
run_50: CompressionFactor: inf RawCounter: 0 TreatedCounter: 0
run_50: CompressionFactor: inf RawCounter: 0 TreatedCounter: 0
run_50: CompressionFactor: inf RawCounter: 0 TreatedCounter: 0
run_50: CompressionFactor: inf RawCounter: 0 TreatedCounter: 0
run_50: CompressionFactor: inf RawCounter: 0 TreatedCounter: 0
run_50: CompressionFactor: inf RawCounter: 0 TreatedCounter: 0
run_50: CompressionFactor: inf RawCounter: 0 TreatedCounter: 0
run_50: CompressionFactor: inf RawCounter: 0 TreatedCounter: 0
run_50: CompressionFactor: inf RawCounter: 0 TreatedCounter: 0
run_50: CompressionFactor: inf RawCounter: 0 TreatedCounter: 0
run_50: CompressionFactor: inf RawCounter: 160000 TreatedCounter: 0
run_50: CompressionFactor: inf RawCounter: 160000 TreatedCounter: 0
run_50: CompressionFactor: inf RawCounter: 160000 TreatedCounter: 0
run_50: CompressionFactor: inf RawCounter: 160000 TreatedCounter: 0
run_50: CompressionFactor: inf RawCounter: 160000 TreatedCounter: 0
run_50: CompressionFactor: inf RawCounter: 160000 TreatedCounter: 0
run_50: CompressionFactor: inf RawCounter: 160000 TreatedCounter: 0
run_50: CompressionFactor: inf RawCounter: 160000 TreatedCounter: 0
run_50: CompressionFactor: inf RawCounter: 160000 TreatedCounter: 0
run_50: CompressionFactor: inf RawCounter: 160000 TreatedCounter: 0
run_50: CompressionFactor: inf RawCounter: 160000 TreatedCounter: 0
run_50: CompressionFactor: inf RawCounter: 160000 TreatedCounter: 0
run_50: CompressionFactor: inf RawCounter: 160000 TreatedCounter: 0
run_50: CompressionFactor: inf RawCounter: 160000 TreatedCounter: 0
run_50: CompressionFactor: inf RawCounter: 160000 TreatedCounter: 0
run_50: CompressionFactor: inf RawCounter: 160000 TreatedCounter: 0
run_50: CompressionFactor: inf RawCounter: 160000 TreatedCounter: 0
run_50: CompressionFactor: inf RawCounter: 160000 TreatedCounter: 0
run_50: CompressionFactor: inf RawCounter: 160000 TreatedCounter: 0
run_50: CompressionFactor: inf RawCounter: 160000 TreatedCounter: 0
run_50: CompressionFactor: inf RawCounter: 160000 TreatedCounter: 0
run_50: CompressionFactor: inf RawCounter: 20000 TreatedCounter: 0
run_50: CompressionFactor: inf RawCounter: 160000 TreatedCounter: 0
run_50: CompressionFactor: inf RawCounter: 160000 TreatedCounter: 0
run_50: CompressionFactor: inf RawCounter: 20000 TreatedCounter: 0
run_50: CompressionFactor: inf RawCounter: 160000 TreatedCounter: 0
run_50: CompressionFactor: inf RawCounter: 20000 TreatedCounter: 0
run_50: CompressionFactor: inf RawCounter: 20000 TreatedCounter: 0
run_50: CompressionFactor: inf RawCounter: 160000 TreatedCounter: 0
